<html>
<head>
<title>TestNG:  Test</title>
<link href="../testng.css" rel="stylesheet" type="text/css" />
<link href="../my-testng.css" rel="stylesheet" type="text/css" />

<style type="text/css">
.log { display: none;} 
.stack-trace { display: none;} 
</style>
<script type="text/javascript">
<!--
function flip(e) {
  current = e.style.display;
  if (current == 'block') {
    e.style.display = 'none';
    return 0;
  }
  else {
    e.style.display = 'block';
    return 1;
  }
}

function toggleBox(szDivId, elem, msg1, msg2)
{
  var res = -1;  if (document.getElementById) {
    res = flip(document.getElementById(szDivId));
  }
  else if (document.all) {
    // this is the way old msie versions work
    res = flip(document.all[szDivId]);
  }
  if(elem) {
    if(res == 0) elem.innerHTML = msg1; else elem.innerHTML = msg2;
  }

}

function toggleAllBoxes() {
  if (document.getElementsByTagName) {
    d = document.getElementsByTagName('div');
    for (i = 0; i < d.length; i++) {
      if (d[i].className == 'log') {
        flip(d[i]);
      }
    }
  }
}

// -->
</script>

</head>
<body>
<h2 align='center'>Test</h2><table border='1' align="center">
<tr>
<td>Tests passed/Failed/Skipped:</td><td>0/1/0</td>
</tr><tr>
<td>Started on:</td><td>Sat Nov 05 15:58:45 IST 2022</td>
</tr>
<tr><td>Total time:</td><td>72 seconds (72430 ms)</td>
</tr><tr>
<td>Included groups:</td><td></td>
</tr><tr>
<td>Excluded groups:</td><td></td>
</tr>
</table><p/>
<small><i>(Hover the method name to see the test class name)</i></small><p/>
<table width='100%' border='1' class='invocation-failed'>
<tr><td colspan='4' align='center'><b>FAILED TESTS</b></td></tr>
<tr><td><b>Test method</b></td>
<td width="30%"><b>Exception</b></td>
<td width="10%"><b>Time (seconds)</b></td>
<td><b>Instance</b></td>
</tr>
<tr>
<td title='runner.Runcuke.runScenario()'><b>runScenario</b><br>Test class: runner.Runcuke<br>Test method: Runs Cucumber Scenarios<br>Parameters: "Validate Search Cars page", "Search Cars"</td>
<td><div><pre>java.lang.AssertionError: expected [Bmw 1 Series Under 1000 for Sale ACT | carsguide] but found [Bmw 1 Series Cars Under $1000 for Sale | CarsGuide]
	at steps.SearchCarSteps.the_page_title_should_be(SearchCarSteps.java:69)
	at ✽.the page title should be &quot;Bmw 1 Series Cars Under $1000 for Sale | CarsGuide&quot;(file:///C:/Users/91910/eclipse-workspace/CucumberPOM/src/test/resources/Features/SearchCars.feature:18)
... Removed 6 stack frames</pre></div><a href='#' onClick='toggleBox("stack-trace121245483", this, "Click to show all stack frames", "Click to hide stack frames")'>Click to show all stack frames</a>
<div class='stack-trace' id='stack-trace121245483'><pre>java.lang.AssertionError: expected [Bmw 1 Series Under 1000 for Sale ACT | carsguide] but found [Bmw 1 Series Cars Under $1000 for Sale | CarsGuide]
	at org.testng.Assert.fail(Assert.java:110)
	at org.testng.Assert.failNotEquals(Assert.java:1413)
	at org.testng.Assert.assertEqualsImpl(Assert.java:149)
	at org.testng.Assert.assertEquals(Assert.java:131)
	at org.testng.Assert.assertEquals(Assert.java:655)
	at org.testng.Assert.assertEquals(Assert.java:665)
	at steps.SearchCarSteps.the_page_title_should_be(SearchCarSteps.java:69)
	at ✽.the page title should be &quot;Bmw 1 Series Cars Under $1000 for Sale | CarsGuide&quot;(file:///C:/Users/91910/eclipse-workspace/CucumberPOM/src/test/resources/Features/SearchCars.feature:18)
</pre></div></td>
<td>71</td>
<td>runner.Runcuke@4efac082</td></tr>
</table><p>
</body>
</html>