<?xml version="1.0" encoding="UTF-8"?>
<!-- Generated by org.testng.reporters.JUnitXMLReporter -->
<testsuite ignored="0" hostname="DELL" failures="1" tests="1" name="Test" time="72.43" errors="0" timestamp="2022-11-05T15:59:57 IST">
  <testcase classname="io.cucumber.testng.AbstractTestNGCucumberTests" name="runScenario" time="71.162">
    <failure type="java.lang.AssertionError" message="expected [Bmw 1 Series Under 1000 for Sale ACT | carsguide] but found [Bmw 1 Series Cars Under $1000 for Sale | CarsGuide]">
      <![CDATA[java.lang.AssertionError: expected [Bmw 1 Series Under 1000 for Sale ACT | carsguide] but found [Bmw 1 Series Cars Under $1000 for Sale | CarsGuide]
at steps.SearchCarSteps.the_page_title_should_be(SearchCarSteps.java:69)
at âœ½.the page title should be "Bmw 1 Series Cars Under $1000 for Sale | CarsGuide"(file:///C:/Users/91910/eclipse-workspace/CucumberPOM/src/test/resources/Features/SearchCars.feature:18)
... Removed 6 stack frames]]>
    </failure>
  </testcase> <!-- runScenario -->
</testsuite> <!-- Test -->
